This file contains any messages produced by compilers while
running configure, to aid debugging if configure makes a mistake.

It was created by configure, which was
generated by GNU Autoconf 2.61.  Invocation command line was

  $ ./configure 

## --------- ##
## Platform. ##
## --------- ##

hostname = Goon
uname -m = i686
uname -r = 2.6.32-5-686
uname -s = Linux
uname -v = #1 SMP Mon Jan 16 16:04:25 UTC 2012

/usr/bin/uname -p = unknown
/bin/uname -X     = unknown

/bin/arch              = unknown
/usr/bin/arch -k       = unknown
/usr/convex/getsysinfo = unknown
/usr/bin/hostinfo      = unknown
/bin/machine           = unknown
/usr/bin/oslevel       = unknown
/bin/universe          = unknown

PATH: /usr/local/texlive/2011/bin/i386-linux
PATH: /usr/share/mpich2/bin
PATH: /usr/local/texlive/2010/bin/x86_64-linux
PATH: /usr/share/mpich2/bin
PATH: /usr/local/texlive/2011/bin/i386-linux
PATH: /usr/local/bin
PATH: /usr/bin
PATH: /bin
PATH: /usr/local/games
PATH: /usr/games


## ----------- ##
## Core tests. ##
## ----------- ##

configure:1906: checking build system type
configure:1924: result: i686-pc-linux-gnu
configure:1946: checking host system type
configure:1961: result: i686-pc-linux-gnu
configure:2040: checking for gcc
configure:2056: found /usr/bin/gcc
configure:2067: result: gcc
configure:2305: checking for C compiler version
configure:2312: gcc --version >&5
gcc (Debian 4.4.5-8) 4.4.5
Copyright (C) 2010 Free Software Foundation, Inc.
This is free software; see the source for copying conditions.  There is NO
warranty; not even for MERCHANTABILITY or FITNESS FOR A PARTICULAR PURPOSE.

configure:2315: $? = 0
configure:2322: gcc -v >&5
Using built-in specs.
Target: i486-linux-gnu
Configured with: ../src/configure -v --with-pkgversion='Debian 4.4.5-8' --with-bugurl=file:///usr/share/doc/gcc-4.4/README.Bugs --enable-languages=c,c++,fortran,objc,obj-c++ --prefix=/usr --program-suffix=-4.4 --enable-shared --enable-multiarch --enable-linker-build-id --with-system-zlib --libexecdir=/usr/lib --without-included-gettext --enable-threads=posix --with-gxx-include-dir=/usr/include/c++/4.4 --libdir=/usr/lib --enable-nls --enable-clocale=gnu --enable-libstdcxx-debug --enable-objc-gc --enable-targets=all --with-arch-32=i586 --with-tune=generic --enable-checking=release --build=i486-linux-gnu --host=i486-linux-gnu --target=i486-linux-gnu
Thread model: posix
gcc version 4.4.5 (Debian 4.4.5-8) 
configure:2325: $? = 0
configure:2332: gcc -V >&5
gcc: '-V' option must have argument
configure:2335: $? = 1
configure:2358: checking for C compiler default output file name
configure:2385: gcc    conftest.c  >&5
configure:2388: $? = 0
configure:2426: result: a.out
configure:2443: checking whether the C compiler works
configure:2453: ./a.out
configure:2456: $? = 0
configure:2473: result: yes
configure:2480: checking whether we are cross compiling
configure:2482: result: no
configure:2485: checking for suffix of executables
configure:2492: gcc -o conftest    conftest.c  >&5
configure:2495: $? = 0
configure:2519: result: 
configure:2525: checking for suffix of object files
configure:2551: gcc -c   conftest.c >&5
configure:2554: $? = 0
configure:2577: result: o
configure:2581: checking whether we are using the GNU C compiler
configure:2610: gcc -c   conftest.c >&5
configure:2616: $? = 0
configure:2633: result: yes
configure:2638: checking whether gcc accepts -g
configure:2668: gcc -c -g  conftest.c >&5
configure:2674: $? = 0
configure:2773: result: yes
configure:2790: checking for gcc option to accept ISO C89
configure:2864: gcc  -c -g -O2  conftest.c >&5
configure:2870: $? = 0
configure:2893: result: none needed
configure:2917: checking how to run the C preprocessor
configure:2957: gcc -E  conftest.c
configure:2963: $? = 0
configure:2994: gcc -E  conftest.c
conftest.c:11:28: error: ac_nonexistent.h: No such file or directory
configure:3000: $? = 1
configure: failed program was:
| /* confdefs.h.  */
| #define PACKAGE_NAME ""
| #define PACKAGE_TARNAME ""
| #define PACKAGE_VERSION ""
| #define PACKAGE_STRING ""
| #define PACKAGE_BUGREPORT ""
| #define PVFS2_VERSION_MAJOR 2
| #define PVFS2_VERSION_MINOR 8
| #define PVFS2_VERSION_SUB 2
| /* end confdefs.h.  */
| #include <ac_nonexistent.h>
configure:3033: result: gcc -E
configure:3062: gcc -E  conftest.c
configure:3068: $? = 0
configure:3099: gcc -E  conftest.c
conftest.c:11:28: error: ac_nonexistent.h: No such file or directory
configure:3105: $? = 1
configure: failed program was:
| /* confdefs.h.  */
| #define PACKAGE_NAME ""
| #define PACKAGE_TARNAME ""
| #define PACKAGE_VERSION ""
| #define PACKAGE_STRING ""
| #define PACKAGE_BUGREPORT ""
| #define PVFS2_VERSION_MAJOR 2
| #define PVFS2_VERSION_MINOR 8
| #define PVFS2_VERSION_SUB 2
| /* end confdefs.h.  */
| #include <ac_nonexistent.h>
configure:3143: checking for grep that handles long lines and -e
configure:3217: result: /bin/grep
configure:3222: checking for egrep
configure:3300: result: /bin/grep -E
configure:3305: checking for ANSI C header files
configure:3335: gcc -c -g -O2  conftest.c >&5
configure:3341: $? = 0
configure:3440: gcc -o conftest -g -O2   conftest.c  >&5
configure:3443: $? = 0
configure:3449: ./conftest
configure:3452: $? = 0
configure:3469: result: yes
configure:3493: checking for sys/types.h
configure:3514: gcc -c -g -O2  conftest.c >&5
configure:3520: $? = 0
configure:3536: result: yes
configure:3493: checking for sys/stat.h
configure:3514: gcc -c -g -O2  conftest.c >&5
configure:3520: $? = 0
configure:3536: result: yes
configure:3493: checking for stdlib.h
configure:3514: gcc -c -g -O2  conftest.c >&5
configure:3520: $? = 0
configure:3536: result: yes
configure:3493: checking for string.h
configure:3514: gcc -c -g -O2  conftest.c >&5
configure:3520: $? = 0
configure:3536: result: yes
configure:3493: checking for memory.h
configure:3514: gcc -c -g -O2  conftest.c >&5
configure:3520: $? = 0
configure:3536: result: yes
configure:3493: checking for strings.h
configure:3514: gcc -c -g -O2  conftest.c >&5
configure:3520: $? = 0
configure:3536: result: yes
configure:3493: checking for inttypes.h
configure:3514: gcc -c -g -O2  conftest.c >&5
configure:3520: $? = 0
configure:3536: result: yes
configure:3493: checking for stdint.h
configure:3514: gcc -c -g -O2  conftest.c >&5
configure:3520: $? = 0
configure:3536: result: yes
configure:3493: checking for unistd.h
configure:3514: gcc -c -g -O2  conftest.c >&5
configure:3520: $? = 0
configure:3536: result: yes
configure:3558: checking pwd.h usability
configure:3575: gcc -c -g -O2  conftest.c >&5
configure:3581: $? = 0
configure:3595: result: yes
configure:3599: checking pwd.h presence
configure:3614: gcc -E  conftest.c
configure:3620: $? = 0
configure:3634: result: yes
configure:3662: checking for pwd.h
configure:3669: result: yes
configure:3692: checking sys/vfs.h usability
configure:3709: gcc -c -g -O2  conftest.c >&5
configure:3715: $? = 0
configure:3729: result: yes
configure:3733: checking sys/vfs.h presence
configure:3748: gcc -E  conftest.c
configure:3754: $? = 0
configure:3768: result: yes
configure:3796: checking for sys/vfs.h
configure:3803: result: yes
configure:3826: checking sys/mount.h usability
configure:3843: gcc -c -g -O2  conftest.c >&5
configure:3849: $? = 0
configure:3863: result: yes
configure:3867: checking sys/mount.h presence
configure:3882: gcc -E  conftest.c
configure:3888: $? = 0
configure:3902: result: yes
configure:3930: checking for sys/mount.h
configure:3937: result: yes
configure:3967: checking mntent.h, usability
configure:3984: gcc -c -g -O2  conftest.c >&5
conftest.c:57:21: error: mntent.h,: No such file or directory
configure:3990: $? = 1
configure: failed program was:
| /* confdefs.h.  */
| #define PACKAGE_NAME ""
| #define PACKAGE_TARNAME ""
| #define PACKAGE_VERSION ""
| #define PACKAGE_STRING ""
| #define PACKAGE_BUGREPORT ""
| #define PVFS2_VERSION_MAJOR 2
| #define PVFS2_VERSION_MINOR 8
| #define PVFS2_VERSION_SUB 2
| #define STDC_HEADERS 1
| #define HAVE_SYS_TYPES_H 1
| #define HAVE_SYS_STAT_H 1
| #define HAVE_STDLIB_H 1
| #define HAVE_STRING_H 1
| #define HAVE_MEMORY_H 1
| #define HAVE_STRINGS_H 1
| #define HAVE_INTTYPES_H 1
| #define HAVE_STDINT_H 1
| #define HAVE_UNISTD_H 1
| #define HAVE_GETPWUID 1
| #define HAVE_SYS_VFS_H 1
| #define HAVE_SYS_MOUNT_H 1
| /* end confdefs.h.  */
| #include <stdio.h>
| #ifdef HAVE_SYS_TYPES_H
| # include <sys/types.h>
| #endif
| #ifdef HAVE_SYS_STAT_H
| # include <sys/stat.h>
| #endif
| #ifdef STDC_HEADERS
| # include <stdlib.h>
| # include <stddef.h>
| #else
| # ifdef HAVE_STDLIB_H
| #  include <stdlib.h>
| # endif
| #endif
| #ifdef HAVE_STRING_H
| # if !defined STDC_HEADERS && defined HAVE_MEMORY_H
| #  include <memory.h>
| # endif
| # include <string.h>
| #endif
| #ifdef HAVE_STRINGS_H
| # include <strings.h>
| #endif
| #ifdef HAVE_INTTYPES_H
| # include <inttypes.h>
| #endif
| #ifdef HAVE_STDINT_H
| # include <stdint.h>
| #endif
| #ifdef HAVE_UNISTD_H
| # include <unistd.h>
| #endif
| #include <mntent.h,>
configure:4004: result: no
configure:4008: checking mntent.h, presence
configure:4023: gcc -E  conftest.c
conftest.c:24:21: error: mntent.h,: No such file or directory
configure:4029: $? = 1
configure: failed program was:
| /* confdefs.h.  */
| #define PACKAGE_NAME ""
| #define PACKAGE_TARNAME ""
| #define PACKAGE_VERSION ""
| #define PACKAGE_STRING ""
| #define PACKAGE_BUGREPORT ""
| #define PVFS2_VERSION_MAJOR 2
| #define PVFS2_VERSION_MINOR 8
| #define PVFS2_VERSION_SUB 2
| #define STDC_HEADERS 1
| #define HAVE_SYS_TYPES_H 1
| #define HAVE_SYS_STAT_H 1
| #define HAVE_STDLIB_H 1
| #define HAVE_STRING_H 1
| #define HAVE_MEMORY_H 1
| #define HAVE_STRINGS_H 1
| #define HAVE_INTTYPES_H 1
| #define HAVE_STDINT_H 1
| #define HAVE_UNISTD_H 1
| #define HAVE_GETPWUID 1
| #define HAVE_SYS_VFS_H 1
| #define HAVE_SYS_MOUNT_H 1
| /* end confdefs.h.  */
| #include <mntent.h,>
configure:4043: result: no
configure:4071: checking for mntent.h,
configure:4079: result: no
configure:3967: checking fstab.h usability
configure:3984: gcc -c -g -O2  conftest.c >&5
configure:3990: $? = 0
configure:4004: result: yes
configure:4008: checking fstab.h presence
configure:4023: gcc -E  conftest.c
configure:4029: $? = 0
configure:4043: result: yes
configure:4071: checking for fstab.h
configure:4079: result: yes
configure:4108: checking stdarg.h usability
configure:4125: gcc -c -g -O2  conftest.c >&5
configure:4131: $? = 0
configure:4145: result: yes
configure:4149: checking stdarg.h presence
configure:4164: gcc -E  conftest.c
configure:4170: $? = 0
configure:4184: result: yes
configure:4212: checking for stdarg.h
configure:4220: result: yes
configure:4249: checking attr/xattr.h usability
configure:4266: gcc -c -g -O2  conftest.c >&5
conftest.c:59:24: error: attr/xattr.h: No such file or directory
configure:4272: $? = 1
configure: failed program was:
| /* confdefs.h.  */
| #define PACKAGE_NAME ""
| #define PACKAGE_TARNAME ""
| #define PACKAGE_VERSION ""
| #define PACKAGE_STRING ""
| #define PACKAGE_BUGREPORT ""
| #define PVFS2_VERSION_MAJOR 2
| #define PVFS2_VERSION_MINOR 8
| #define PVFS2_VERSION_SUB 2
| #define STDC_HEADERS 1
| #define HAVE_SYS_TYPES_H 1
| #define HAVE_SYS_STAT_H 1
| #define HAVE_STDLIB_H 1
| #define HAVE_STRING_H 1
| #define HAVE_MEMORY_H 1
| #define HAVE_STRINGS_H 1
| #define HAVE_INTTYPES_H 1
| #define HAVE_STDINT_H 1
| #define HAVE_UNISTD_H 1
| #define HAVE_GETPWUID 1
| #define HAVE_SYS_VFS_H 1
| #define HAVE_SYS_MOUNT_H 1
| #define HAVE_FSTAB_H 1
| #define HAVE_STDARG_H 1
| /* end confdefs.h.  */
| #include <stdio.h>
| #ifdef HAVE_SYS_TYPES_H
| # include <sys/types.h>
| #endif
| #ifdef HAVE_SYS_STAT_H
| # include <sys/stat.h>
| #endif
| #ifdef STDC_HEADERS
| # include <stdlib.h>
| # include <stddef.h>
| #else
| # ifdef HAVE_STDLIB_H
| #  include <stdlib.h>
| # endif
| #endif
| #ifdef HAVE_STRING_H
| # if !defined STDC_HEADERS && defined HAVE_MEMORY_H
| #  include <memory.h>
| # endif
| # include <string.h>
| #endif
| #ifdef HAVE_STRINGS_H
| # include <strings.h>
| #endif
| #ifdef HAVE_INTTYPES_H
| # include <inttypes.h>
| #endif
| #ifdef HAVE_STDINT_H
| # include <stdint.h>
| #endif
| #ifdef HAVE_UNISTD_H
| # include <unistd.h>
| #endif
| #include <attr/xattr.h>
configure:4286: result: no
configure:4290: checking attr/xattr.h presence
configure:4305: gcc -E  conftest.c
conftest.c:26:24: error: attr/xattr.h: No such file or directory
configure:4311: $? = 1
configure: failed program was:
| /* confdefs.h.  */
| #define PACKAGE_NAME ""
| #define PACKAGE_TARNAME ""
| #define PACKAGE_VERSION ""
| #define PACKAGE_STRING ""
| #define PACKAGE_BUGREPORT ""
| #define PVFS2_VERSION_MAJOR 2
| #define PVFS2_VERSION_MINOR 8
| #define PVFS2_VERSION_SUB 2
| #define STDC_HEADERS 1
| #define HAVE_SYS_TYPES_H 1
| #define HAVE_SYS_STAT_H 1
| #define HAVE_STDLIB_H 1
| #define HAVE_STRING_H 1
| #define HAVE_MEMORY_H 1
| #define HAVE_STRINGS_H 1
| #define HAVE_INTTYPES_H 1
| #define HAVE_STDINT_H 1
| #define HAVE_UNISTD_H 1
| #define HAVE_GETPWUID 1
| #define HAVE_SYS_VFS_H 1
| #define HAVE_SYS_MOUNT_H 1
| #define HAVE_FSTAB_H 1
| #define HAVE_STDARG_H 1
| /* end confdefs.h.  */
| #include <attr/xattr.h>
configure:4325: result: no
configure:4353: checking for attr/xattr.h
configure:4361: result: no
configure:4389: checking sys/xattr.h usability
configure:4406: gcc -c -g -O2  conftest.c >&5
configure:4412: $? = 0
configure:4426: result: yes
configure:4430: checking sys/xattr.h presence
configure:4445: gcc -E  conftest.c
configure:4451: $? = 0
configure:4465: result: yes
configure:4493: checking for sys/xattr.h
configure:4501: result: yes
configure:4515: checking for long int
configure:4545: gcc -c -g -O2  conftest.c >&5
configure:4551: $? = 0
configure:4566: result: yes
configure:4573: checking size of long int
configure:4875: gcc -o conftest -g -O2   conftest.c  >&5
configure:4878: $? = 0
configure:4884: ./conftest
configure:4887: $? = 0
configure:4910: result: 4
configure:4934: checking for a BSD-compatible install
configure:4990: result: /usr/bin/install -c
configure:5049: checking for gcc
configure:5076: result: gcc
configure:5314: checking for C compiler version
configure:5321: gcc --version >&5
gcc (Debian 4.4.5-8) 4.4.5
Copyright (C) 2010 Free Software Foundation, Inc.
This is free software; see the source for copying conditions.  There is NO
warranty; not even for MERCHANTABILITY or FITNESS FOR A PARTICULAR PURPOSE.

configure:5324: $? = 0
configure:5331: gcc -v >&5
Using built-in specs.
Target: i486-linux-gnu
Configured with: ../src/configure -v --with-pkgversion='Debian 4.4.5-8' --with-bugurl=file:///usr/share/doc/gcc-4.4/README.Bugs --enable-languages=c,c++,fortran,objc,obj-c++ --prefix=/usr --program-suffix=-4.4 --enable-shared --enable-multiarch --enable-linker-build-id --with-system-zlib --libexecdir=/usr/lib --without-included-gettext --enable-threads=posix --with-gxx-include-dir=/usr/include/c++/4.4 --libdir=/usr/lib --enable-nls --enable-clocale=gnu --enable-libstdcxx-debug --enable-objc-gc --enable-targets=all --with-arch-32=i586 --with-tune=generic --enable-checking=release --build=i486-linux-gnu --host=i486-linux-gnu --target=i486-linux-gnu
Thread model: posix
gcc version 4.4.5 (Debian 4.4.5-8) 
configure:5334: $? = 0
configure:5341: gcc -V >&5
gcc: '-V' option must have argument
configure:5344: $? = 1
configure:5347: checking whether we are using the GNU C compiler
configure:5399: result: yes
configure:5404: checking whether gcc accepts -g
configure:5539: result: yes
configure:5556: checking for gcc option to accept ISO C89
configure:5659: result: none needed
configure:5678: checking for required gcc
configure:5693: checking how to run the C preprocessor
configure:5809: result: gcc -E
configure:5838: gcc -E  conftest.c
configure:5844: $? = 0
configure:5875: gcc -E  conftest.c
conftest.c:28:28: error: ac_nonexistent.h: No such file or directory
configure:5881: $? = 1
configure: failed program was:
| /* confdefs.h.  */
| #define PACKAGE_NAME ""
| #define PACKAGE_TARNAME ""
| #define PACKAGE_VERSION ""
| #define PACKAGE_STRING ""
| #define PACKAGE_BUGREPORT ""
| #define PVFS2_VERSION_MAJOR 2
| #define PVFS2_VERSION_MINOR 8
| #define PVFS2_VERSION_SUB 2
| #define STDC_HEADERS 1
| #define HAVE_SYS_TYPES_H 1
| #define HAVE_SYS_STAT_H 1
| #define HAVE_STDLIB_H 1
| #define HAVE_STRING_H 1
| #define HAVE_MEMORY_H 1
| #define HAVE_STRINGS_H 1
| #define HAVE_INTTYPES_H 1
| #define HAVE_STDINT_H 1
| #define HAVE_UNISTD_H 1
| #define HAVE_GETPWUID 1
| #define HAVE_SYS_VFS_H 1
| #define HAVE_SYS_MOUNT_H 1
| #define HAVE_FSTAB_H 1
| #define HAVE_STDARG_H 1
| #define HAVE_SYS_XATTR_H 1
| #define SIZEOF_LONG_INT 4
| /* end confdefs.h.  */
| #include <ac_nonexistent.h>
configure:5920: checking for perl
configure:5936: found /usr/bin/perl
configure:5948: result: yes
configure:5958: checking for find
configure:5974: found /usr/bin/find
configure:5986: result: yes
configure:5996: checking for bison
configure:6024: result: no
configure:6034: checking for flex
configure:6062: result: no
configure:6072: checking for required Math::BigInt perl module
configure:6080: result: yes
configure:6189: checking for client library thread safety support
configure:6202: result: yes
configure:6612: checking for openssl library
configure:6626: gcc -c   conftest.c >&5
conftest.c:1:25: error: openssl/bio.h: No such file or directory
configure:6632: $? = 1
configure: failed program was:
| #include "openssl/bio.h"
configure:6642: WARNING: No openssl headers found.
configure:6669: gcc -o conftest    conftest.c  -lcrypto -lssl >&5
conftest.c:28:25: error: openssl/bio.h: No such file or directory
conftest.c: In function 'main':
conftest.c:32: error: 'BIO' undeclared (first use in this function)
conftest.c:32: error: (Each undeclared identifier is reported only once
conftest.c:32: error: for each function it appears in.)
conftest.c:32: error: 'b' undeclared (first use in this function)
configure:6675: $? = 1
configure: failed program was:
| /* confdefs.h.  */
| #define PACKAGE_NAME ""
| #define PACKAGE_TARNAME ""
| #define PACKAGE_VERSION ""
| #define PACKAGE_STRING ""
| #define PACKAGE_BUGREPORT ""
| #define PVFS2_VERSION_MAJOR 2
| #define PVFS2_VERSION_MINOR 8
| #define PVFS2_VERSION_SUB 2
| #define STDC_HEADERS 1
| #define HAVE_SYS_TYPES_H 1
| #define HAVE_SYS_STAT_H 1
| #define HAVE_STDLIB_H 1
| #define HAVE_STRING_H 1
| #define HAVE_MEMORY_H 1
| #define HAVE_STRINGS_H 1
| #define HAVE_INTTYPES_H 1
| #define HAVE_STDINT_H 1
| #define HAVE_UNISTD_H 1
| #define HAVE_GETPWUID 1
| #define HAVE_SYS_VFS_H 1
| #define HAVE_SYS_MOUNT_H 1
| #define HAVE_FSTAB_H 1
| #define HAVE_STDARG_H 1
| #define HAVE_SYS_XATTR_H 1
| #define SIZEOF_LONG_INT 4
| /* end confdefs.h.  */
| #include "openssl/bio.h"
| int
| main ()
| {
| BIO * b;
|   ;
|   return 0;
| }
configure:6694: WARNING: No openssl headers found.
configure:6718: checking openssl/evp.h usability
configure:6735: gcc -c   conftest.c >&5
conftest.c:61:25: error: openssl/evp.h: No such file or directory
configure:6741: $? = 1
configure: failed program was:
| /* confdefs.h.  */
| #define PACKAGE_NAME ""
| #define PACKAGE_TARNAME ""
| #define PACKAGE_VERSION ""
| #define PACKAGE_STRING ""
| #define PACKAGE_BUGREPORT ""
| #define PVFS2_VERSION_MAJOR 2
| #define PVFS2_VERSION_MINOR 8
| #define PVFS2_VERSION_SUB 2
| #define STDC_HEADERS 1
| #define HAVE_SYS_TYPES_H 1
| #define HAVE_SYS_STAT_H 1
| #define HAVE_STDLIB_H 1
| #define HAVE_STRING_H 1
| #define HAVE_MEMORY_H 1
| #define HAVE_STRINGS_H 1
| #define HAVE_INTTYPES_H 1
| #define HAVE_STDINT_H 1
| #define HAVE_UNISTD_H 1
| #define HAVE_GETPWUID 1
| #define HAVE_SYS_VFS_H 1
| #define HAVE_SYS_MOUNT_H 1
| #define HAVE_FSTAB_H 1
| #define HAVE_STDARG_H 1
| #define HAVE_SYS_XATTR_H 1
| #define SIZEOF_LONG_INT 4
| /* end confdefs.h.  */
| #include <stdio.h>
| #ifdef HAVE_SYS_TYPES_H
| # include <sys/types.h>
| #endif
| #ifdef HAVE_SYS_STAT_H
| # include <sys/stat.h>
| #endif
| #ifdef STDC_HEADERS
| # include <stdlib.h>
| # include <stddef.h>
| #else
| # ifdef HAVE_STDLIB_H
| #  include <stdlib.h>
| # endif
| #endif
| #ifdef HAVE_STRING_H
| # if !defined STDC_HEADERS && defined HAVE_MEMORY_H
| #  include <memory.h>
| # endif
| # include <string.h>
| #endif
| #ifdef HAVE_STRINGS_H
| # include <strings.h>
| #endif
| #ifdef HAVE_INTTYPES_H
| # include <inttypes.h>
| #endif
| #ifdef HAVE_STDINT_H
| # include <stdint.h>
| #endif
| #ifdef HAVE_UNISTD_H
| # include <unistd.h>
| #endif
| #include <openssl/evp.h>
configure:6755: result: no
configure:6759: checking openssl/evp.h presence
configure:6774: gcc -E  conftest.c
conftest.c:28:25: error: openssl/evp.h: No such file or directory
configure:6780: $? = 1
configure: failed program was:
| /* confdefs.h.  */
| #define PACKAGE_NAME ""
| #define PACKAGE_TARNAME ""
| #define PACKAGE_VERSION ""
| #define PACKAGE_STRING ""
| #define PACKAGE_BUGREPORT ""
| #define PVFS2_VERSION_MAJOR 2
| #define PVFS2_VERSION_MINOR 8
| #define PVFS2_VERSION_SUB 2
| #define STDC_HEADERS 1
| #define HAVE_SYS_TYPES_H 1
| #define HAVE_SYS_STAT_H 1
| #define HAVE_STDLIB_H 1
| #define HAVE_STRING_H 1
| #define HAVE_MEMORY_H 1
| #define HAVE_STRINGS_H 1
| #define HAVE_INTTYPES_H 1
| #define HAVE_STDINT_H 1
| #define HAVE_UNISTD_H 1
| #define HAVE_GETPWUID 1
| #define HAVE_SYS_VFS_H 1
| #define HAVE_SYS_MOUNT_H 1
| #define HAVE_FSTAB_H 1
| #define HAVE_STDARG_H 1
| #define HAVE_SYS_XATTR_H 1
| #define SIZEOF_LONG_INT 4
| /* end confdefs.h.  */
| #include <openssl/evp.h>
configure:6794: result: no
configure:6822: checking for openssl/evp.h
configure:6830: result: no
configure:6858: checking openssl/crypto.h usability
configure:6875: gcc -c   conftest.c >&5
conftest.c:61:28: error: openssl/crypto.h: No such file or directory
configure:6881: $? = 1
configure: failed program was:
| /* confdefs.h.  */
| #define PACKAGE_NAME ""
| #define PACKAGE_TARNAME ""
| #define PACKAGE_VERSION ""
| #define PACKAGE_STRING ""
| #define PACKAGE_BUGREPORT ""
| #define PVFS2_VERSION_MAJOR 2
| #define PVFS2_VERSION_MINOR 8
| #define PVFS2_VERSION_SUB 2
| #define STDC_HEADERS 1
| #define HAVE_SYS_TYPES_H 1
| #define HAVE_SYS_STAT_H 1
| #define HAVE_STDLIB_H 1
| #define HAVE_STRING_H 1
| #define HAVE_MEMORY_H 1
| #define HAVE_STRINGS_H 1
| #define HAVE_INTTYPES_H 1
| #define HAVE_STDINT_H 1
| #define HAVE_UNISTD_H 1
| #define HAVE_GETPWUID 1
| #define HAVE_SYS_VFS_H 1
| #define HAVE_SYS_MOUNT_H 1
| #define HAVE_FSTAB_H 1
| #define HAVE_STDARG_H 1
| #define HAVE_SYS_XATTR_H 1
| #define SIZEOF_LONG_INT 4
| /* end confdefs.h.  */
| #include <stdio.h>
| #ifdef HAVE_SYS_TYPES_H
| # include <sys/types.h>
| #endif
| #ifdef HAVE_SYS_STAT_H
| # include <sys/stat.h>
| #endif
| #ifdef STDC_HEADERS
| # include <stdlib.h>
| # include <stddef.h>
| #else
| # ifdef HAVE_STDLIB_H
| #  include <stdlib.h>
| # endif
| #endif
| #ifdef HAVE_STRING_H
| # if !defined STDC_HEADERS && defined HAVE_MEMORY_H
| #  include <memory.h>
| # endif
| # include <string.h>
| #endif
| #ifdef HAVE_STRINGS_H
| # include <strings.h>
| #endif
| #ifdef HAVE_INTTYPES_H
| # include <inttypes.h>
| #endif
| #ifdef HAVE_STDINT_H
| # include <stdint.h>
| #endif
| #ifdef HAVE_UNISTD_H
| # include <unistd.h>
| #endif
| #include <openssl/crypto.h>
configure:6895: result: no
configure:6899: checking openssl/crypto.h presence
configure:6914: gcc -E  conftest.c
conftest.c:28:28: error: openssl/crypto.h: No such file or directory
configure:6920: $? = 1
configure: failed program was:
| /* confdefs.h.  */
| #define PACKAGE_NAME ""
| #define PACKAGE_TARNAME ""
| #define PACKAGE_VERSION ""
| #define PACKAGE_STRING ""
| #define PACKAGE_BUGREPORT ""
| #define PVFS2_VERSION_MAJOR 2
| #define PVFS2_VERSION_MINOR 8
| #define PVFS2_VERSION_SUB 2
| #define STDC_HEADERS 1
| #define HAVE_SYS_TYPES_H 1
| #define HAVE_SYS_STAT_H 1
| #define HAVE_STDLIB_H 1
| #define HAVE_STRING_H 1
| #define HAVE_MEMORY_H 1
| #define HAVE_STRINGS_H 1
| #define HAVE_INTTYPES_H 1
| #define HAVE_STDINT_H 1
| #define HAVE_UNISTD_H 1
| #define HAVE_GETPWUID 1
| #define HAVE_SYS_VFS_H 1
| #define HAVE_SYS_MOUNT_H 1
| #define HAVE_FSTAB_H 1
| #define HAVE_STDARG_H 1
| #define HAVE_SYS_XATTR_H 1
| #define SIZEOF_LONG_INT 4
| /* end confdefs.h.  */
| #include <openssl/crypto.h>
configure:6934: result: no
configure:6962: checking for openssl/crypto.h
configure:6970: result: no
configure:7048: checking for pkg-config
configure:7064: found /usr/bin/pkg-config
configure:7076: result: yes
configure:7085: checking for gtk2.0 (for karma gui)
configure:7088: result: yes
configure:7247: checking for __error_code field in aiocb struct
configure:7275: gcc -c   conftest.c >&5
configure:7281: $? = 0
configure:7286: result: yes
configure:7305: checking for __return_value field in aiocb struct
configure:7333: gcc -c   conftest.c >&5
configure:7339: $? = 0
configure:7344: result: yes
configure:7362: checking whether byte ordering is bigendian
configure:7395: gcc -c   conftest.c >&5
configure:7401: $? = 0
configure:7433: gcc -c   conftest.c >&5
conftest.c: In function 'main':
conftest.c:37: error: 'not' undeclared (first use in this function)
conftest.c:37: error: (Each undeclared identifier is reported only once
conftest.c:37: error: for each function it appears in.)
conftest.c:37: error: expected ';' before 'big'
configure:7439: $? = 1
configure: failed program was:
| /* confdefs.h.  */
| #define PACKAGE_NAME ""
| #define PACKAGE_TARNAME ""
| #define PACKAGE_VERSION ""
| #define PACKAGE_STRING ""
| #define PACKAGE_BUGREPORT ""
| #define PVFS2_VERSION_MAJOR 2
| #define PVFS2_VERSION_MINOR 8
| #define PVFS2_VERSION_SUB 2
| #define STDC_HEADERS 1
| #define HAVE_SYS_TYPES_H 1
| #define HAVE_SYS_STAT_H 1
| #define HAVE_STDLIB_H 1
| #define HAVE_STRING_H 1
| #define HAVE_MEMORY_H 1
| #define HAVE_STRINGS_H 1
| #define HAVE_INTTYPES_H 1
| #define HAVE_STDINT_H 1
| #define HAVE_UNISTD_H 1
| #define HAVE_GETPWUID 1
| #define HAVE_SYS_VFS_H 1
| #define HAVE_SYS_MOUNT_H 1
| #define HAVE_FSTAB_H 1
| #define HAVE_STDARG_H 1
| #define HAVE_SYS_XATTR_H 1
| #define SIZEOF_LONG_INT 4
| #define HAVE_AIOCB_ERROR_CODE 1
| #define HAVE_AIOCB_RETURN_VALUE 1
| /* end confdefs.h.  */
| #include <sys/types.h>
| #include <sys/param.h>
| 
| int
| main ()
| {
| #if BYTE_ORDER != BIG_ENDIAN
|  not big endian
| #endif
| 
|   ;
|   return 0;
| }
configure:7579: result: no
configure:7599: checking for void *
configure:7629: gcc -c   conftest.c >&5
configure:7635: $? = 0
configure:7650: result: yes
configure:7657: checking size of void *
configure:7959: gcc -o conftest    conftest.c  >&5
configure:7962: $? = 0
configure:7968: ./conftest
configure:7971: $? = 0
configure:7994: result: 4
configure:13126: checking sys/epoll.h usability
configure:13143: gcc -c  -g -O2  conftest.c >&5
configure:13149: $? = 0
configure:13163: result: yes
configure:13167: checking sys/epoll.h presence
configure:13182: gcc -E  conftest.c
configure:13188: $? = 0
configure:13202: result: yes
configure:13230: checking for sys/epoll.h
configure:13238: result: yes
configure:13251: checking for epoll functions
configure:13278: gcc -o conftest  -g -O2   conftest.c  >&5
configure:13284: $? = 0
configure:13290: result: yes
configure:13326: checking if segv backtrace capable
configure:13356: gcc -c  -g -O2  conftest.c >&5
configure:13362: $? = 0
configure:13367: result: yes
configure:13402: checking whether cc is an Intel compiler
configure:13429: gcc -c  -g -O2  conftest.c >&5
conftest.c:34: error: expected '=', ',', ';', 'asm' or '__attribute__' before 'me'
configure:13435: $? = 1
configure: failed program was:
| /* confdefs.h.  */
| #define PACKAGE_NAME ""
| #define PACKAGE_TARNAME ""
| #define PACKAGE_VERSION ""
| #define PACKAGE_STRING ""
| #define PACKAGE_BUGREPORT ""
| #define PVFS2_VERSION_MAJOR 2
| #define PVFS2_VERSION_MINOR 8
| #define PVFS2_VERSION_SUB 2
| #define STDC_HEADERS 1
| #define HAVE_SYS_TYPES_H 1
| #define HAVE_SYS_STAT_H 1
| #define HAVE_STDLIB_H 1
| #define HAVE_STRING_H 1
| #define HAVE_MEMORY_H 1
| #define HAVE_STRINGS_H 1
| #define HAVE_INTTYPES_H 1
| #define HAVE_STDINT_H 1
| #define HAVE_UNISTD_H 1
| #define HAVE_GETPWUID 1
| #define HAVE_SYS_VFS_H 1
| #define HAVE_SYS_MOUNT_H 1
| #define HAVE_FSTAB_H 1
| #define HAVE_STDARG_H 1
| #define HAVE_SYS_XATTR_H 1
| #define SIZEOF_LONG_INT 4
| #define HAVE_AIOCB_ERROR_CODE 1
| #define HAVE_AIOCB_RETURN_VALUE 1
| #define SIZEOF_VOID_P 4
| #define HAVE_SYS_EPOLL_H 1
| /* end confdefs.h.  */
| 
| #ifndef __ICC
|        choke me
| #endif
| 
| int
| main ()
| {
| 
|   ;
|   return 0;
| }
configure:13448: result: no
configure:14368: checking for db library
configure:14520: gcc -o conftest  -g -O2   conftest.c  -ldb4 -lpthread >&5
/usr/bin/ld: cannot find -ldb4
collect2: ld returned 1 exit status
configure:14526: $? = 1
configure: failed program was:
| /* confdefs.h.  */
| #define PACKAGE_NAME ""
| #define PACKAGE_TARNAME ""
| #define PACKAGE_VERSION ""
| #define PACKAGE_STRING ""
| #define PACKAGE_BUGREPORT ""
| #define PVFS2_VERSION_MAJOR 2
| #define PVFS2_VERSION_MINOR 8
| #define PVFS2_VERSION_SUB 2
| #define STDC_HEADERS 1
| #define HAVE_SYS_TYPES_H 1
| #define HAVE_SYS_STAT_H 1
| #define HAVE_STDLIB_H 1
| #define HAVE_STRING_H 1
| #define HAVE_MEMORY_H 1
| #define HAVE_STRINGS_H 1
| #define HAVE_INTTYPES_H 1
| #define HAVE_STDINT_H 1
| #define HAVE_UNISTD_H 1
| #define HAVE_GETPWUID 1
| #define HAVE_SYS_VFS_H 1
| #define HAVE_SYS_MOUNT_H 1
| #define HAVE_FSTAB_H 1
| #define HAVE_STDARG_H 1
| #define HAVE_SYS_XATTR_H 1
| #define SIZEOF_LONG_INT 4
| #define HAVE_AIOCB_ERROR_CODE 1
| #define HAVE_AIOCB_RETURN_VALUE 1
| #define SIZEOF_VOID_P 4
| #define HAVE_SYS_EPOLL_H 1
| /* end confdefs.h.  */
| #include <db.h>
| int
| main ()
| {
| DB *dbp; db_create(&dbp, NULL, 0);
|   ;
|   return 0;
| }
configure:14520: gcc -o conftest  -g -O2   conftest.c  -ldb3 -lpthread >&5
/usr/bin/ld: cannot find -ldb3
collect2: ld returned 1 exit status
configure:14526: $? = 1
configure: failed program was:
| /* confdefs.h.  */
| #define PACKAGE_NAME ""
| #define PACKAGE_TARNAME ""
| #define PACKAGE_VERSION ""
| #define PACKAGE_STRING ""
| #define PACKAGE_BUGREPORT ""
| #define PVFS2_VERSION_MAJOR 2
| #define PVFS2_VERSION_MINOR 8
| #define PVFS2_VERSION_SUB 2
| #define STDC_HEADERS 1
| #define HAVE_SYS_TYPES_H 1
| #define HAVE_SYS_STAT_H 1
| #define HAVE_STDLIB_H 1
| #define HAVE_STRING_H 1
| #define HAVE_MEMORY_H 1
| #define HAVE_STRINGS_H 1
| #define HAVE_INTTYPES_H 1
| #define HAVE_STDINT_H 1
| #define HAVE_UNISTD_H 1
| #define HAVE_GETPWUID 1
| #define HAVE_SYS_VFS_H 1
| #define HAVE_SYS_MOUNT_H 1
| #define HAVE_FSTAB_H 1
| #define HAVE_STDARG_H 1
| #define HAVE_SYS_XATTR_H 1
| #define SIZEOF_LONG_INT 4
| #define HAVE_AIOCB_ERROR_CODE 1
| #define HAVE_AIOCB_RETURN_VALUE 1
| #define SIZEOF_VOID_P 4
| #define HAVE_SYS_EPOLL_H 1
| /* end confdefs.h.  */
| #include <db.h>
| int
| main ()
| {
| DB *dbp; db_create(&dbp, NULL, 0);
|   ;
|   return 0;
| }
configure:14520: gcc -o conftest  -g -O2   conftest.c  -ldb -lpthread >&5
configure:14526: $? = 0
configure:14551: result: db
configure:14558: checking for dbenv parameter to DB error callback function
configure:14596: gcc -c   -Werror  conftest.c >&5
configure:14602: $? = 0
configure:14607: result: yes
configure:14627: checking if third parameter to error callback function is const
configure:14663: gcc -c   -Werror  conftest.c >&5
cc1: warnings being treated as errors
conftest.c: In function 'main':
conftest.c:49: error: passing argument 2 of 'db->set_errcall' from incompatible pointer type
conftest.c:49: note: expected 'void (*)(const struct DB_ENV *, const char *, const char *)' but argument is of type 'void (*)(const struct DB_ENV *, const char *, char *)'
configure:14669: $? = 1
configure: failed program was:
| /* confdefs.h.  */
| #define PACKAGE_NAME ""
| #define PACKAGE_TARNAME ""
| #define PACKAGE_VERSION ""
| #define PACKAGE_STRING ""
| #define PACKAGE_BUGREPORT ""
| #define PVFS2_VERSION_MAJOR 2
| #define PVFS2_VERSION_MINOR 8
| #define PVFS2_VERSION_SUB 2
| #define STDC_HEADERS 1
| #define HAVE_SYS_TYPES_H 1
| #define HAVE_SYS_STAT_H 1
| #define HAVE_STDLIB_H 1
| #define HAVE_STRING_H 1
| #define HAVE_MEMORY_H 1
| #define HAVE_STRINGS_H 1
| #define HAVE_INTTYPES_H 1
| #define HAVE_STDINT_H 1
| #define HAVE_UNISTD_H 1
| #define HAVE_GETPWUID 1
| #define HAVE_SYS_VFS_H 1
| #define HAVE_SYS_MOUNT_H 1
| #define HAVE_FSTAB_H 1
| #define HAVE_STDARG_H 1
| #define HAVE_SYS_XATTR_H 1
| #define SIZEOF_LONG_INT 4
| #define HAVE_AIOCB_ERROR_CODE 1
| #define HAVE_AIOCB_RETURN_VALUE 1
| #define SIZEOF_VOID_P 4
| #define HAVE_SYS_EPOLL_H 1
| #define HAVE_DBENV_PARAMETER_TO_DB_ERROR_CALLBACK 1
| /* end confdefs.h.  */
| 
|         #include <db.h>
| 
|         void error_callback_fn(const DB_ENV *dbenv,
|                                const char *prefix,
|                                char *message)
|         {
|             return;
|         }
| 
| int
| main ()
| {
| 
|         DB *db;
| 
|         db->set_errcall(db, error_callback_fn);
| 
|   ;
|   return 0;
| }
configure:14680: result: yes
configure:14693: checking for DB stat with malloc function ptr
configure:14726: gcc -c   -Werror  conftest.c >&5
cc1: warnings being treated as errors
conftest.c: In function 'main':
conftest.c:47: error: passing argument 2 of 'db->stat' from incompatible pointer type
conftest.c:47: note: expected 'struct DB_TXN *' but argument is of type 'int *'
configure:14732: $? = 1
configure: failed program was:
| /* confdefs.h.  */
| #define PACKAGE_NAME ""
| #define PACKAGE_TARNAME ""
| #define PACKAGE_VERSION ""
| #define PACKAGE_STRING ""
| #define PACKAGE_BUGREPORT ""
| #define PVFS2_VERSION_MAJOR 2
| #define PVFS2_VERSION_MINOR 8
| #define PVFS2_VERSION_SUB 2
| #define STDC_HEADERS 1
| #define HAVE_SYS_TYPES_H 1
| #define HAVE_SYS_STAT_H 1
| #define HAVE_STDLIB_H 1
| #define HAVE_STRING_H 1
| #define HAVE_MEMORY_H 1
| #define HAVE_STRINGS_H 1
| #define HAVE_INTTYPES_H 1
| #define HAVE_STDINT_H 1
| #define HAVE_UNISTD_H 1
| #define HAVE_GETPWUID 1
| #define HAVE_SYS_VFS_H 1
| #define HAVE_SYS_MOUNT_H 1
| #define HAVE_FSTAB_H 1
| #define HAVE_STDARG_H 1
| #define HAVE_SYS_XATTR_H 1
| #define SIZEOF_LONG_INT 4
| #define HAVE_AIOCB_ERROR_CODE 1
| #define HAVE_AIOCB_RETURN_VALUE 1
| #define SIZEOF_VOID_P 4
| #define HAVE_SYS_EPOLL_H 1
| #define HAVE_DBENV_PARAMETER_TO_DB_ERROR_CALLBACK 1
| #define HAVE_CONST_THIRD_PARAMETER_TO_DB_ERROR_CALLBACK 1
| /* end confdefs.h.  */
| 
|       #include <db.h>
|       #include <stdlib.h>
| 
| int
| main ()
| {
| 
|       int ret = 0;
|       DB *db = db;
|       int dummy = 0;
|       u_int32_t flags = 0;
| 
|       ret = db->stat(db, &dummy, malloc, flags);
| 
|   ;
|   return 0;
| }
configure:14749: result: no
configure:14758: checking for txnid parameter to DB stat function
configure:14790: gcc -c   -Werror  conftest.c >&5
configure:14796: $? = 0
configure:14801: result: yes
configure:14822: checking for txnid parameter to DB open function
configure:14858: gcc -c   -Werror  conftest.c >&5
configure:14864: $? = 0
configure:14869: result: yes
configure:14886: checking for DB_DIRTY_READ flag
configure:14913: gcc -c   -Werror  conftest.c >&5
configure:14919: $? = 0
configure:14924: result: yes
configure:14941: checking for DB_BUFFER_SMALL error
configure:14969: gcc -c   -Werror  conftest.c >&5
configure:14975: $? = 0
configure:14980: result: yes
configure:14997: checking for berkeley db get_pagesize function
configure:15028: gcc -c   -Werror  conftest.c >&5
configure:15034: $? = 0
configure:15039: result: yes
configure:15065: checking if server lib needs -lrt
configure:15090: gcc -o conftest  -g -O2   conftest.c  >&5
/tmp/cct5lbXU.o: In function `main':
/home/goon/library/SALB/conftest.c:45: undefined reference to `lio_listio'
collect2: ld returned 1 exit status
configure:15096: $? = 1
configure: failed program was:
| /* confdefs.h.  */
| #define PACKAGE_NAME ""
| #define PACKAGE_TARNAME ""
| #define PACKAGE_VERSION ""
| #define PACKAGE_STRING ""
| #define PACKAGE_BUGREPORT ""
| #define PVFS2_VERSION_MAJOR 2
| #define PVFS2_VERSION_MINOR 8
| #define PVFS2_VERSION_SUB 2
| #define STDC_HEADERS 1
| #define HAVE_SYS_TYPES_H 1
| #define HAVE_SYS_STAT_H 1
| #define HAVE_STDLIB_H 1
| #define HAVE_STRING_H 1
| #define HAVE_MEMORY_H 1
| #define HAVE_STRINGS_H 1
| #define HAVE_INTTYPES_H 1
| #define HAVE_STDINT_H 1
| #define HAVE_UNISTD_H 1
| #define HAVE_GETPWUID 1
| #define HAVE_SYS_VFS_H 1
| #define HAVE_SYS_MOUNT_H 1
| #define HAVE_FSTAB_H 1
| #define HAVE_STDARG_H 1
| #define HAVE_SYS_XATTR_H 1
| #define SIZEOF_LONG_INT 4
| #define HAVE_AIOCB_ERROR_CODE 1
| #define HAVE_AIOCB_RETURN_VALUE 1
| #define SIZEOF_VOID_P 4
| #define HAVE_SYS_EPOLL_H 1
| #define HAVE_DBENV_PARAMETER_TO_DB_ERROR_CALLBACK 1
| #define HAVE_CONST_THIRD_PARAMETER_TO_DB_ERROR_CALLBACK 1
| #define HAVE_TXNID_PARAMETER_TO_DB_STAT 1
| #define HAVE_TXNID_PARAMETER_TO_DB_OPEN 1
| #define HAVE_DB_DIRTY_READ 1
| #define HAVE_DB_BUFFER_SMALL 1
| #define HAVE_DB_GET_PAGESIZE 1
| /* end confdefs.h.  */
| #include <stdlib.h>
| 	 #include <unistd.h>
| 	 #include <aio.h>
| int
| main ()
| {
| lio_listio(LIO_NOWAIT, NULL, 0, NULL);
|   ;
|   return 0;
| }
configure:15134: gcc -o conftest  -g -O2   conftest.c  -lrt >&5
configure:15140: $? = 0
configure:15148: result: yes
configure:15207: checking netdb.h usability
configure:15224: gcc -c  -g -O2  conftest.c >&5
configure:15230: $? = 0
configure:15244: result: yes
configure:15248: checking netdb.h presence
configure:15263: gcc -E  conftest.c
configure:15269: $? = 0
configure:15283: result: yes
configure:15311: checking for netdb.h
configure:15319: result: yes
configure:15347: checking arpa/inet.h usability
configure:15364: gcc -c  -g -O2  conftest.c >&5
configure:15370: $? = 0
configure:15384: result: yes
configure:15388: checking arpa/inet.h presence
configure:15403: gcc -E  conftest.c
configure:15409: $? = 0
configure:15423: result: yes
configure:15451: checking for arpa/inet.h
configure:15459: result: yes
configure:15487: checking sys/socket.h usability
configure:15504: gcc -c  -g -O2  conftest.c >&5
configure:15510: $? = 0
configure:15524: result: yes
configure:15528: checking sys/socket.h presence
configure:15543: gcc -E  conftest.c
configure:15549: $? = 0
configure:15563: result: yes
configure:15591: checking for sys/socket.h
configure:15599: result: yes
configure:15612: checking for gethostbyname
configure:15641: gcc -c   conftest.c >&5
configure:15647: $? = 0
configure:15652: result: yes
configure:15670: checking for gethostbyaddr
configure:15698: gcc -c   conftest.c >&5
configure:15704: $? = 0
configure:15709: result: yes
configure:17333: checking for fgetxattr extra arguments
configure:17366: gcc -c  -g -O2  conftest.c >&5
conftest.c: In function 'main':
conftest.c:58: error: too many arguments to function 'fgetxattr'
configure:17372: $? = 1
configure: failed program was:
| /* confdefs.h.  */
| #define PACKAGE_NAME ""
| #define PACKAGE_TARNAME ""
| #define PACKAGE_VERSION ""
| #define PACKAGE_STRING ""
| #define PACKAGE_BUGREPORT ""
| #define PVFS2_VERSION_MAJOR 2
| #define PVFS2_VERSION_MINOR 8
| #define PVFS2_VERSION_SUB 2
| #define STDC_HEADERS 1
| #define HAVE_SYS_TYPES_H 1
| #define HAVE_SYS_STAT_H 1
| #define HAVE_STDLIB_H 1
| #define HAVE_STRING_H 1
| #define HAVE_MEMORY_H 1
| #define HAVE_STRINGS_H 1
| #define HAVE_INTTYPES_H 1
| #define HAVE_STDINT_H 1
| #define HAVE_UNISTD_H 1
| #define HAVE_GETPWUID 1
| #define HAVE_SYS_VFS_H 1
| #define HAVE_SYS_MOUNT_H 1
| #define HAVE_FSTAB_H 1
| #define HAVE_STDARG_H 1
| #define HAVE_SYS_XATTR_H 1
| #define SIZEOF_LONG_INT 4
| #define HAVE_AIOCB_ERROR_CODE 1
| #define HAVE_AIOCB_RETURN_VALUE 1
| #define SIZEOF_VOID_P 4
| #define HAVE_SYS_EPOLL_H 1
| #define HAVE_DBENV_PARAMETER_TO_DB_ERROR_CALLBACK 1
| #define HAVE_CONST_THIRD_PARAMETER_TO_DB_ERROR_CALLBACK 1
| #define HAVE_TXNID_PARAMETER_TO_DB_STAT 1
| #define HAVE_TXNID_PARAMETER_TO_DB_OPEN 1
| #define HAVE_DB_DIRTY_READ 1
| #define HAVE_DB_BUFFER_SMALL 1
| #define HAVE_DB_GET_PAGESIZE 1
| #define TARGET_OS_LINUX 1
| #define HAVE_NETDB_H 1
| #define HAVE_ARPA_INET_H 1
| #define HAVE_SYS_SOCKET_H 1
| #define HAVE_GETHOSTBYNAME 1
| #define HAVE_GETHOSTBYADDR 1
| /* end confdefs.h.  */
| 
| 	#include <sys/types.h>
| 	#ifdef HAVE_ATTR_XATTR_H
| 	#include <attr/xattr.h>
| 	#endif
| 	#ifdef HAVE_SYS_XATTR_H
| 	#include <sys/xattr.h>
| 	#endif
| 
| int
| main ()
| {
| 
| 	fgetxattr(0, 0, 0, 0, 0, 0);
| 
|   ;
|   return 0;
| }
configure:17388: result: no
configure:17405: checking sys/sysinfo.h usability
configure:17422: gcc -c  -g -O2  conftest.c >&5
configure:17428: $? = 0
configure:17442: result: yes
configure:17446: checking sys/sysinfo.h presence
configure:17461: gcc -E  conftest.c
configure:17467: $? = 0
configure:17481: result: yes
configure:17509: checking for sys/sysinfo.h
configure:17516: result: yes
configure:17535: checking for strnlen
configure:17591: gcc -o conftest  -g -O2   conftest.c  >&5
configure:17597: $? = 0
configure:17615: result: yes
configure:17629: checking for strtoull
configure:17685: gcc -o conftest  -g -O2   conftest.c  >&5
configure:17691: $? = 0
configure:17709: result: yes
configure:17723: checking for strstr
configure:17779: gcc -o conftest  -g -O2   conftest.c  >&5
conftest.c:71: warning: conflicting types for built-in function 'strstr'
configure:17785: $? = 0
configure:17803: result: yes
configure:17817: checking for fgetxattr
configure:17873: gcc -o conftest  -g -O2   conftest.c  >&5
configure:17879: $? = 0
configure:17897: result: yes
configure:17911: checking for fsetxattr
configure:17967: gcc -o conftest  -g -O2   conftest.c  >&5
configure:17973: $? = 0
configure:17991: result: yes
configure:18002: checking for fgetxattr prototype
configure:18034: gcc -c  -g -O2  conftest.c >&5
conftest.c:59: error: conflicting types for 'fgetxattr'
/usr/include/sys/xattr.h:69: note: previous declaration of 'fgetxattr' was here
configure:18040: $? = 1
configure: failed program was:
| /* confdefs.h.  */
| #define PACKAGE_NAME ""
| #define PACKAGE_TARNAME ""
| #define PACKAGE_VERSION ""
| #define PACKAGE_STRING ""
| #define PACKAGE_BUGREPORT ""
| #define PVFS2_VERSION_MAJOR 2
| #define PVFS2_VERSION_MINOR 8
| #define PVFS2_VERSION_SUB 2
| #define STDC_HEADERS 1
| #define HAVE_SYS_TYPES_H 1
| #define HAVE_SYS_STAT_H 1
| #define HAVE_STDLIB_H 1
| #define HAVE_STRING_H 1
| #define HAVE_MEMORY_H 1
| #define HAVE_STRINGS_H 1
| #define HAVE_INTTYPES_H 1
| #define HAVE_STDINT_H 1
| #define HAVE_UNISTD_H 1
| #define HAVE_GETPWUID 1
| #define HAVE_SYS_VFS_H 1
| #define HAVE_SYS_MOUNT_H 1
| #define HAVE_FSTAB_H 1
| #define HAVE_STDARG_H 1
| #define HAVE_SYS_XATTR_H 1
| #define SIZEOF_LONG_INT 4
| #define HAVE_AIOCB_ERROR_CODE 1
| #define HAVE_AIOCB_RETURN_VALUE 1
| #define SIZEOF_VOID_P 4
| #define HAVE_SYS_EPOLL_H 1
| #define HAVE_DBENV_PARAMETER_TO_DB_ERROR_CALLBACK 1
| #define HAVE_CONST_THIRD_PARAMETER_TO_DB_ERROR_CALLBACK 1
| #define HAVE_TXNID_PARAMETER_TO_DB_STAT 1
| #define HAVE_TXNID_PARAMETER_TO_DB_OPEN 1
| #define HAVE_DB_DIRTY_READ 1
| #define HAVE_DB_BUFFER_SMALL 1
| #define HAVE_DB_GET_PAGESIZE 1
| #define TARGET_OS_LINUX 1
| #define HAVE_NETDB_H 1
| #define HAVE_ARPA_INET_H 1
| #define HAVE_SYS_SOCKET_H 1
| #define HAVE_GETHOSTBYNAME 1
| #define HAVE_GETHOSTBYADDR 1
| #define HAVE_SYSINFO 1
| #define HAVE_STRNLEN 1
| #define HAVE_STRTOULL 1
| #define HAVE_STRSTR 1
| #define HAVE_FGETXATTR 1
| #define HAVE_FSETXATTR 1
| /* end confdefs.h.  */
| 
| 	#include <sys/types.h>
| 	#ifdef HAVE_ATTR_XATTR_H
| 	#include <attr/xattr.h>
| 	#endif
| 	#ifdef HAVE_SYS_XATTR_H
| 	#include <sys/xattr.h>
| 	#endif
| 	char * fgetxattr(char *foo);
| 
| int
| main ()
| {
| 
|   ;
|   return 0;
| }
configure:18051: result: yes
configure:18064: checking for fgetxattr extra arguments
configure:18101: gcc -c  -g -O2  conftest.c >&5
conftest.c: In function 'main':
conftest.c:66: error: too many arguments to function 'fgetxattr'
configure:18107: $? = 1
configure: failed program was:
| /* confdefs.h.  */
| #define PACKAGE_NAME ""
| #define PACKAGE_TARNAME ""
| #define PACKAGE_VERSION ""
| #define PACKAGE_STRING ""
| #define PACKAGE_BUGREPORT ""
| #define PVFS2_VERSION_MAJOR 2
| #define PVFS2_VERSION_MINOR 8
| #define PVFS2_VERSION_SUB 2
| #define STDC_HEADERS 1
| #define HAVE_SYS_TYPES_H 1
| #define HAVE_SYS_STAT_H 1
| #define HAVE_STDLIB_H 1
| #define HAVE_STRING_H 1
| #define HAVE_MEMORY_H 1
| #define HAVE_STRINGS_H 1
| #define HAVE_INTTYPES_H 1
| #define HAVE_STDINT_H 1
| #define HAVE_UNISTD_H 1
| #define HAVE_GETPWUID 1
| #define HAVE_SYS_VFS_H 1
| #define HAVE_SYS_MOUNT_H 1
| #define HAVE_FSTAB_H 1
| #define HAVE_STDARG_H 1
| #define HAVE_SYS_XATTR_H 1
| #define SIZEOF_LONG_INT 4
| #define HAVE_AIOCB_ERROR_CODE 1
| #define HAVE_AIOCB_RETURN_VALUE 1
| #define SIZEOF_VOID_P 4
| #define HAVE_SYS_EPOLL_H 1
| #define HAVE_DBENV_PARAMETER_TO_DB_ERROR_CALLBACK 1
| #define HAVE_CONST_THIRD_PARAMETER_TO_DB_ERROR_CALLBACK 1
| #define HAVE_TXNID_PARAMETER_TO_DB_STAT 1
| #define HAVE_TXNID_PARAMETER_TO_DB_OPEN 1
| #define HAVE_DB_DIRTY_READ 1
| #define HAVE_DB_BUFFER_SMALL 1
| #define HAVE_DB_GET_PAGESIZE 1
| #define TARGET_OS_LINUX 1
| #define HAVE_NETDB_H 1
| #define HAVE_ARPA_INET_H 1
| #define HAVE_SYS_SOCKET_H 1
| #define HAVE_GETHOSTBYNAME 1
| #define HAVE_GETHOSTBYADDR 1
| #define HAVE_SYSINFO 1
| #define HAVE_STRNLEN 1
| #define HAVE_STRTOULL 1
| #define HAVE_STRSTR 1
| #define HAVE_FGETXATTR 1
| #define HAVE_FSETXATTR 1
| #define HAVE_FGETXATTR_PROTOTYPE 1
| /* end confdefs.h.  */
| 
| 	#include <sys/types.h>
| 	#ifdef HAVE_ATTR_XATTR_H
| 	#include <attr/xattr.h>
| 	#endif
| 	#ifdef HAVE_SYS_XATTR_H
| 	#include <sys/xattr.h>
| 	#endif
| 
| int
| main ()
| {
| 
| 	#ifdef HAVE_FGETXATTR_PROTOTYPE
| 	fgetxattr(0, 0, 0, 0, 0, 0);
| 	#else
| 	#  error
| 	#endif
| 
|   ;
|   return 0;
| }
configure:18123: result: no
configure:18130: checking for fsetxattr extra arguments
configure:18163: gcc -c  -g -O2  conftest.c >&5
conftest.c: In function 'main':
conftest.c:65: error: too many arguments to function 'fsetxattr'
configure:18169: $? = 1
configure: failed program was:
| /* confdefs.h.  */
| #define PACKAGE_NAME ""
| #define PACKAGE_TARNAME ""
| #define PACKAGE_VERSION ""
| #define PACKAGE_STRING ""
| #define PACKAGE_BUGREPORT ""
| #define PVFS2_VERSION_MAJOR 2
| #define PVFS2_VERSION_MINOR 8
| #define PVFS2_VERSION_SUB 2
| #define STDC_HEADERS 1
| #define HAVE_SYS_TYPES_H 1
| #define HAVE_SYS_STAT_H 1
| #define HAVE_STDLIB_H 1
| #define HAVE_STRING_H 1
| #define HAVE_MEMORY_H 1
| #define HAVE_STRINGS_H 1
| #define HAVE_INTTYPES_H 1
| #define HAVE_STDINT_H 1
| #define HAVE_UNISTD_H 1
| #define HAVE_GETPWUID 1
| #define HAVE_SYS_VFS_H 1
| #define HAVE_SYS_MOUNT_H 1
| #define HAVE_FSTAB_H 1
| #define HAVE_STDARG_H 1
| #define HAVE_SYS_XATTR_H 1
| #define SIZEOF_LONG_INT 4
| #define HAVE_AIOCB_ERROR_CODE 1
| #define HAVE_AIOCB_RETURN_VALUE 1
| #define SIZEOF_VOID_P 4
| #define HAVE_SYS_EPOLL_H 1
| #define HAVE_DBENV_PARAMETER_TO_DB_ERROR_CALLBACK 1
| #define HAVE_CONST_THIRD_PARAMETER_TO_DB_ERROR_CALLBACK 1
| #define HAVE_TXNID_PARAMETER_TO_DB_STAT 1
| #define HAVE_TXNID_PARAMETER_TO_DB_OPEN 1
| #define HAVE_DB_DIRTY_READ 1
| #define HAVE_DB_BUFFER_SMALL 1
| #define HAVE_DB_GET_PAGESIZE 1
| #define TARGET_OS_LINUX 1
| #define HAVE_NETDB_H 1
| #define HAVE_ARPA_INET_H 1
| #define HAVE_SYS_SOCKET_H 1
| #define HAVE_GETHOSTBYNAME 1
| #define HAVE_GETHOSTBYADDR 1
| #define HAVE_SYSINFO 1
| #define HAVE_STRNLEN 1
| #define HAVE_STRTOULL 1
| #define HAVE_STRSTR 1
| #define HAVE_FGETXATTR 1
| #define HAVE_FSETXATTR 1
| #define HAVE_FGETXATTR_PROTOTYPE 1
| /* end confdefs.h.  */
| 
| 	#include <sys/types.h>
| 	#ifdef HAVE_ATTR_XATTR_H
| 	#include <attr/xattr.h>
| 	#endif
| 	#ifdef HAVE_SYS_XATTR_H
| 	#include <sys/xattr.h>
| 	#endif
| 
| int
| main ()
| {
| 
| 	fsetxattr(0, 0, 0, 0, 0, 0);
| 
|   ;
|   return 0;
| }
configure:18185: result: no
configure:18195: checking for library containing getmntent
configure:18236: gcc -o conftest  -g -O2   conftest.c  >&5
configure:18242: $? = 0
configure:18270: result: none required
configure:18302: checking malloc.h usability
configure:18319: gcc -c  -g -O2  conftest.c >&5
configure:18325: $? = 0
configure:18339: result: yes
configure:18343: checking malloc.h presence
configure:18358: gcc -E  conftest.c
configure:18364: $? = 0
configure:18378: result: yes
configure:18406: checking for malloc.h
configure:18414: result: yes
configure:18442: checking mntent.h usability
configure:18459: gcc -c  -g -O2  conftest.c >&5
configure:18465: $? = 0
configure:18479: result: yes
configure:18483: checking mntent.h presence
configure:18498: gcc -E  conftest.c
configure:18504: $? = 0
configure:18518: result: yes
configure:18546: checking for mntent.h
configure:18554: result: yes
configure:18599: checking execinfo.h usability
configure:18616: gcc -c  -g -O2  conftest.c >&5
configure:18622: $? = 0
configure:18636: result: yes
configure:18640: checking execinfo.h presence
configure:18655: gcc -E  conftest.c
configure:18661: $? = 0
configure:18675: result: yes
configure:18703: checking for execinfo.h
configure:18711: result: yes
configure:18728: checking for SDL
configure:19026: result: no
configure:19030: checking for GNU-style strerror_r
configure:19056: gcc -c  -g -O2  conftest.c >&5
conftest.c:58: error: conflicting types for 'strerror_r'
/usr/include/string.h:425: note: previous declaration of 'strerror_r' was here
configure:19062: $? = 1
configure: failed program was:
| /* confdefs.h.  */
| #define PACKAGE_NAME ""
| #define PACKAGE_TARNAME ""
| #define PACKAGE_VERSION ""
| #define PACKAGE_STRING ""
| #define PACKAGE_BUGREPORT ""
| #define PVFS2_VERSION_MAJOR 2
| #define PVFS2_VERSION_MINOR 8
| #define PVFS2_VERSION_SUB 2
| #define STDC_HEADERS 1
| #define HAVE_SYS_TYPES_H 1
| #define HAVE_SYS_STAT_H 1
| #define HAVE_STDLIB_H 1
| #define HAVE_STRING_H 1
| #define HAVE_MEMORY_H 1
| #define HAVE_STRINGS_H 1
| #define HAVE_INTTYPES_H 1
| #define HAVE_STDINT_H 1
| #define HAVE_UNISTD_H 1
| #define HAVE_GETPWUID 1
| #define HAVE_SYS_VFS_H 1
| #define HAVE_SYS_MOUNT_H 1
| #define HAVE_FSTAB_H 1
| #define HAVE_STDARG_H 1
| #define HAVE_SYS_XATTR_H 1
| #define SIZEOF_LONG_INT 4
| #define HAVE_AIOCB_ERROR_CODE 1
| #define HAVE_AIOCB_RETURN_VALUE 1
| #define SIZEOF_VOID_P 4
| #define HAVE_SYS_EPOLL_H 1
| #define HAVE_DBENV_PARAMETER_TO_DB_ERROR_CALLBACK 1
| #define HAVE_CONST_THIRD_PARAMETER_TO_DB_ERROR_CALLBACK 1
| #define HAVE_TXNID_PARAMETER_TO_DB_STAT 1
| #define HAVE_TXNID_PARAMETER_TO_DB_OPEN 1
| #define HAVE_DB_DIRTY_READ 1
| #define HAVE_DB_BUFFER_SMALL 1
| #define HAVE_DB_GET_PAGESIZE 1
| #define TARGET_OS_LINUX 1
| #define HAVE_NETDB_H 1
| #define HAVE_ARPA_INET_H 1
| #define HAVE_SYS_SOCKET_H 1
| #define HAVE_GETHOSTBYNAME 1
| #define HAVE_GETHOSTBYADDR 1
| #define HAVE_SYSINFO 1
| #define HAVE_STRNLEN 1
| #define HAVE_STRTOULL 1
| #define HAVE_STRSTR 1
| #define HAVE_FGETXATTR 1
| #define HAVE_FSETXATTR 1
| #define HAVE_FGETXATTR_PROTOTYPE 1
| #define HAVE_GETMNTENT 1
| #define HAVE_MALLOC_H 1
| #define HAVE_MNTENT_H 1
| #define HAVE_EXECINFO_H 1
| /* end confdefs.h.  */
| 
| 	#include <string.h>
| 	extern char *strerror_r();
| 
| int
| main ()
| {
| 
|   ;
|   return 0;
| }
configure:19079: result: no
configure:19193: creating ./config.status

## ---------------------- ##
## Running config.status. ##
## ---------------------- ##

This file was extended by config.status, which was
generated by GNU Autoconf 2.61.  Invocation command line was

  CONFIG_FILES    = 
  CONFIG_HEADERS  = 
  CONFIG_LINKS    = 
  CONFIG_COMMANDS = 
  $ ./config.status 

on Goon

config.status:728: creating include/pvfs2.h
config.status:728: creating Makefile
config.status:728: creating module.mk
config.status:728: creating src/apps/admin/module.mk
config.status:728: creating src/apps/admin/pvfs2-config
config.status:728: creating src/apps/karma/module.mk
config.status:728: creating src/apps/vis/module.mk
config.status:728: creating src/apps/fuse/module.mk
config.status:728: creating src/apps/kernel/linux/module.mk
config.status:728: creating src/io/trove/module.mk
config.status:728: creating src/io/trove/trove-handle-mgmt/module.mk
config.status:728: creating src/io/trove/trove-dbpf/module.mk
config.status:728: creating src/common/misc/module.mk
config.status:728: creating src/common/quickhash/module.mk
config.status:728: creating src/common/quicklist/module.mk
config.status:728: creating src/common/dotconf/module.mk
config.status:728: creating src/common/id-generator/module.mk
config.status:728: creating src/common/gossip/module.mk
config.status:728: creating src/common/gen-locks/module.mk
config.status:728: creating src/common/llist/module.mk
config.status:728: creating src/common/statecomp/module.mk
config.status:728: creating src/common/events/module.mk
config.status:728: creating src/common/mgmt/module.mk
config.status:728: creating src/io/bmi/module.mk
config.status:728: creating src/io/bmi/bmi_tcp/module.mk
config.status:728: creating src/io/bmi/bmi_gm/module.mk
config.status:728: creating src/io/bmi/bmi_mx/module.mk
config.status:728: creating src/io/bmi/bmi_ib/module.mk
config.status:728: creating src/io/bmi/bmi_portals/module.mk
config.status:728: creating src/io/description/module.mk
config.status:728: creating src/io/flow/module.mk
config.status:728: creating src/io/flow/flowproto-bmi-trove/module.mk
config.status:728: creating src/io/flow/flowproto-template/module.mk
config.status:728: creating src/io/flow/flowproto-dump-offsets/module.mk
config.status:728: creating src/io/flow/flowproto-bmi-cache/module.mk
config.status:728: creating src/io/buffer/module.mk
config.status:728: creating src/io/job/module.mk
config.status:728: creating src/io/dev/module.mk
config.status:728: creating src/proto/module.mk
config.status:728: creating src/server/module.mk
config.status:728: creating src/server/request-scheduler/module.mk
config.status:728: creating src/client/sysint/module.mk
config.status:728: creating src/kernel/linux-2.6/Makefile
config.status:728: creating src/kernel/linux-2.4/Makefile
config.status:728: creating doc/module.mk
config.status:728: creating doc/coding/module.mk
config.status:728: creating doc/design/module.mk
config.status:728: creating doc/random/module.mk
config.status:728: creating examples/pvfs2-server.rc
config.status:728: creating doc/doxygen/pvfs2-doxygen.conf
config.status:728: creating pvfs2-config.h
config.status:992: pvfs2-config.h is unchanged
configure:20376: result: 
configure:20378: result: ***** Displaying PVFS Configuration Information *****
configure:20380: result: ------------------------------------------------------
configure:20389: result: PVFS2 configured to build karma gui               : yes
configure:20400: result: PVFS2 configured to perform coverage analysis     :  no
configure:20408: result: PVFS2 configured for aio threaded callbacks       : yes
configure:20416: result: PVFS2 configured to use FUSE                      :  no
configure:20421: result: PVFS2 configured for the 2.6.x kernel module      :  no
configure:20429: result: PVFS2 configured for the 2.4.x kernel module      :  no
configure:20437: result: PVFS2 configured for using the mmap-ra-cache      :  no
configure:20445: result: PVFS2 will use workaround for redhat 2.4 kernels  :  no
configure:20453: result: PVFS2 will use workaround for buggy NPTL          :  no
configure:20461: result: PVFS2 server will be built                        : yes
configure:20520: result: 
configure:20522: result: PVFS2 version string: 2.8.2
configure:20525: result: 

## ---------------- ##
## Cache variables. ##
## ---------------- ##

ac_cv_build=i686-pc-linux-gnu
ac_cv_c_bigendian=no
ac_cv_c_compiler_gnu=yes
ac_cv_env_CC_set=
ac_cv_env_CC_value=
ac_cv_env_CFLAGS_set=
ac_cv_env_CFLAGS_value=
ac_cv_env_CPPFLAGS_set=
ac_cv_env_CPPFLAGS_value=
ac_cv_env_CPP_set=
ac_cv_env_CPP_value=
ac_cv_env_LDFLAGS_set=
ac_cv_env_LDFLAGS_value=
ac_cv_env_LIBS_set=
ac_cv_env_LIBS_value=
ac_cv_env_build_alias_set=
ac_cv_env_build_alias_value=
ac_cv_env_host_alias_set=
ac_cv_env_host_alias_value=
ac_cv_env_target_alias_set=
ac_cv_env_target_alias_value=
ac_cv_func_fgetxattr=yes
ac_cv_func_fsetxattr=yes
ac_cv_func_getmntent=yes
ac_cv_func_strnlen=yes
ac_cv_func_strstr=yes
ac_cv_func_strtoull=yes
ac_cv_header_arpa_inet_h=yes
ac_cv_header_attr_xattr_h=no
ac_cv_header_execinfo_h=yes
ac_cv_header_fstab_h=yes
ac_cv_header_inttypes_h=yes
ac_cv_header_malloc_h=yes
ac_cv_header_memory_h=yes
ac_cv_header_mntent_h=yes
ac_cv_header_mntent_h_=no
ac_cv_header_netdb_h=yes
ac_cv_header_openssl_crypto_h=no
ac_cv_header_openssl_evp_h=no
ac_cv_header_pwd_h=yes
ac_cv_header_stdarg_h=yes
ac_cv_header_stdc=yes
ac_cv_header_stdint_h=yes
ac_cv_header_stdlib_h=yes
ac_cv_header_string_h=yes
ac_cv_header_strings_h=yes
ac_cv_header_sys_epoll_h=yes
ac_cv_header_sys_mount_h=yes
ac_cv_header_sys_socket_h=yes
ac_cv_header_sys_stat_h=yes
ac_cv_header_sys_sysinfo_h=yes
ac_cv_header_sys_types_h=yes
ac_cv_header_sys_vfs_h=yes
ac_cv_header_sys_xattr_h=yes
ac_cv_header_unistd_h=yes
ac_cv_host=i686-pc-linux-gnu
ac_cv_objext=o
ac_cv_path_EGREP='/bin/grep -E'
ac_cv_path_GREP=/bin/grep
ac_cv_path_install='/usr/bin/install -c'
ac_cv_prog_CPP='gcc -E'
ac_cv_prog_HAVE_BISON=no
ac_cv_prog_HAVE_FIND=yes
ac_cv_prog_HAVE_FLEX=no
ac_cv_prog_HAVE_PERL=yes
ac_cv_prog_HAVE_PKGCONFIG=yes
ac_cv_prog_ac_ct_CC=gcc
ac_cv_prog_cc_c89=
ac_cv_prog_cc_g=yes
ac_cv_search_getmntent='none required'
ac_cv_sizeof_long_int=4
ac_cv_sizeof_void_p=4
ac_cv_type_long_int=yes
ac_cv_type_void_p=yes

## ----------------- ##
## Output variables. ##
## ----------------- ##

BUILD_ABSOLUTE_TOP='/home/goon/library/SALB'
BUILD_BMI_ONLY=''
BUILD_BMI_TCP='1'
BUILD_CC='gcc'
BUILD_CFLAGS=''
BUILD_EPOLL='1'
BUILD_FUSE=''
BUILD_GM=''
BUILD_IB=''
BUILD_KARMA='1'
BUILD_KERNEL=''
BUILD_LDFLAGS=''
BUILD_MX=''
BUILD_OPENIB=''
BUILD_PORTALS=''
BUILD_SERVER='1'
BUILD_TAU=''
BUILD_VIS=''
CC='gcc'
CFLAGS=' -g -O2'
CPP='gcc -E'
CPPFLAGS=''
DB_CFLAGS=''
DB_LIB='-ldb'
DEFS='-DHAVE_CONFIG_H'
ECHO_C=''
ECHO_N='-n'
ECHO_T=''
EGREP='/bin/grep -E'
ENABLE_COVERAGE=''
EXEEXT=''
FUSE_CFLAGS=''
FUSE_LDFLAGS=''
GM_INCDIR=''
GM_LIBDIR=''
GNUC='1'
GOSSIP_ENABLE_BACKTRACE='1'
GREP='/bin/grep'
GTKCFLAGS='-pthread -I/usr/include/gtk-2.0 -I/usr/lib/gtk-2.0/include -I/usr/include/atk-1.0 -I/usr/include/cairo -I/usr/include/pango-1.0 -I/usr/include/gio-unix-2.0/ -I/usr/include/pixman-1 -I/usr/include/freetype2 -I/usr/include/libpng12 -I/usr/include/glib-2.0 -I/usr/lib/glib-2.0/include  '
GTKLIBS='-pthread -lgtk-x11-2.0 -lgdk-x11-2.0 -latk-1.0 -lpangoft2-1.0 -lgdk_pixbuf-2.0 -lm -lpangocairo-1.0 -lcairo -lgio-2.0 -lpango-1.0 -lfreetype -lfontconfig -lgobject-2.0 -lgmodule-2.0 -lgthread-2.0 -lrt -lglib-2.0  '
HAVE_BISON='no'
HAVE_FIND='yes'
HAVE_FLEX='no'
HAVE_PERL='yes'
HAVE_PKGCONFIG='yes'
IB_INCDIR=''
IB_LIBDIR=''
INSTALL_DATA='${INSTALL} -m 644'
INSTALL_PROGRAM='${INSTALL}'
INSTALL_SCRIPT='${INSTALL}'
INTELC=''
LDFLAGS=' -rdynamic'
LIBCFLAGS=' -D__GEN_POSIX_LOCKING__'
LIBOBJS=''
LIBS=''
LINUX24_KERNEL_MINOR_VER=''
LINUX24_KERNEL_SRC=''
LINUX_KERNEL_SRC=''
LTLIBOBJS=''
MISC_TROVE_FLAGS='-D__PVFS2_TROVE_AIO_THREADED__'
MMAP_RA_CACHE=''
MX_INCDIR=''
MX_LIBDIR=''
NEEDS_LIBRT='1'
NEED_BERKELEY_DB='yes'
NPTL_WORKAROUND=''
OBJEXT='o'
OPENIB_INCDIR=''
OPENIB_LIBDIR=''
PACKAGE_BUGREPORT=''
PACKAGE_NAME=''
PACKAGE_STRING=''
PACKAGE_TARNAME=''
PACKAGE_VERSION=''
PATH_SEPARATOR=':'
PORTALS_INCS=''
PORTALS_LIBS=''
PVFS2_SEGV_BACKTRACE='1'
PVFS2_VERSION='2.8.2'
PVFS2_VERSION_MAJOR='2'
PVFS2_VERSION_MINOR='8'
PVFS2_VERSION_SUB='2'
QUIET_COMPILE='1'
REDHAT_RELEASE=''
SERVER_LDFLAGS=' -rdynamic'
SHELL='/bin/bash'
SRC_ABSOLUTE_TOP='/home/goon/library/SALB'
SRC_RELATIVE_TOP='./'
STRICT_CFLAGS=''
TARGET_OS_DARWIN=''
TARGET_OS_LINUX='1'
TAU_INCS=''
THREADED_KMOD_HELPER=''
THREAD_LIB='-lpthread'
TRUSTED_CONNECTIONS=''
VISCFLAGS=''
VISLIBS=''
ac_ct_CC='gcc'
bindir='${exec_prefix}/bin'
build='i686-pc-linux-gnu'
build_alias=''
build_cpu='i686'
build_os='linux-gnu'
build_shared='no'
build_static='yes'
build_vendor='pc'
datadir='${datarootdir}'
datarootdir='${prefix}/share'
docdir='${datarootdir}/doc/${PACKAGE}'
dvidir='${docdir}'
exec_prefix='${prefix}'
host='i686-pc-linux-gnu'
host_alias=''
host_cpu='i686'
host_os='linux-gnu'
host_vendor='pc'
htmldir='${docdir}'
includedir='${prefix}/include'
infodir='${datarootdir}/info'
libdir='${exec_prefix}/lib'
libexecdir='${exec_prefix}/libexec'
localedir='${datarootdir}/locale'
localstatedir='${prefix}/var'
mandir='${datarootdir}/man'
oldincludedir='/usr/include'
pdfdir='${docdir}'
prefix='/usr/local'
program_transform_name='s,x,x,'
psdir='${docdir}'
sbindir='${exec_prefix}/sbin'
sharedstatedir='${prefix}/com'
sysconfdir='${prefix}/etc'
target_alias=''

## ----------- ##
## confdefs.h. ##
## ----------- ##

#define PACKAGE_NAME ""
#define PACKAGE_TARNAME ""
#define PACKAGE_VERSION ""
#define PACKAGE_STRING ""
#define PACKAGE_BUGREPORT ""
#define PVFS2_VERSION_MAJOR 2
#define PVFS2_VERSION_MINOR 8
#define PVFS2_VERSION_SUB 2
#define STDC_HEADERS 1
#define HAVE_SYS_TYPES_H 1
#define HAVE_SYS_STAT_H 1
#define HAVE_STDLIB_H 1
#define HAVE_STRING_H 1
#define HAVE_MEMORY_H 1
#define HAVE_STRINGS_H 1
#define HAVE_INTTYPES_H 1
#define HAVE_STDINT_H 1
#define HAVE_UNISTD_H 1
#define HAVE_GETPWUID 1
#define HAVE_SYS_VFS_H 1
#define HAVE_SYS_MOUNT_H 1
#define HAVE_FSTAB_H 1
#define HAVE_STDARG_H 1
#define HAVE_SYS_XATTR_H 1
#define SIZEOF_LONG_INT 4
#define HAVE_AIOCB_ERROR_CODE 1
#define HAVE_AIOCB_RETURN_VALUE 1
#define SIZEOF_VOID_P 4
#define HAVE_SYS_EPOLL_H 1
#define HAVE_DBENV_PARAMETER_TO_DB_ERROR_CALLBACK 1
#define HAVE_CONST_THIRD_PARAMETER_TO_DB_ERROR_CALLBACK 1
#define HAVE_TXNID_PARAMETER_TO_DB_STAT 1
#define HAVE_TXNID_PARAMETER_TO_DB_OPEN 1
#define HAVE_DB_DIRTY_READ 1
#define HAVE_DB_BUFFER_SMALL 1
#define HAVE_DB_GET_PAGESIZE 1
#define TARGET_OS_LINUX 1
#define HAVE_NETDB_H 1
#define HAVE_ARPA_INET_H 1
#define HAVE_SYS_SOCKET_H 1
#define HAVE_GETHOSTBYNAME 1
#define HAVE_GETHOSTBYADDR 1
#define HAVE_SYSINFO 1
#define HAVE_STRNLEN 1
#define HAVE_STRTOULL 1
#define HAVE_STRSTR 1
#define HAVE_FGETXATTR 1
#define HAVE_FSETXATTR 1
#define HAVE_FGETXATTR_PROTOTYPE 1
#define HAVE_GETMNTENT 1
#define HAVE_MALLOC_H 1
#define HAVE_MNTENT_H 1
#define HAVE_EXECINFO_H 1

configure: exit 0
